TN:
SF:app.js
FNF:0
FNH:0
DA:1,1
DA:2,1
DA:3,1
DA:4,1
DA:5,1
DA:6,1
DA:7,1
DA:8,1
DA:9,1
DA:10,1
DA:11,1
DA:12,1
DA:13,1
DA:14,1
DA:15,1
DA:16,1
DA:17,1
DA:18,1
DA:19,1
DA:20,1
DA:21,1
DA:22,1
DA:23,1
DA:24,1
DA:25,1
DA:26,1
DA:27,1
DA:28,1
DA:29,1
DA:30,1
DA:31,1
DA:32,1
DA:33,1
DA:34,1
DA:35,1
DA:36,1
DA:37,1
DA:38,1
DA:39,1
DA:40,1
DA:41,1
DA:42,1
DA:43,1
DA:44,1
DA:45,1
DA:46,1
DA:47,1
DA:48,1
DA:49,1
DA:50,1
DA:51,1
LF:51
LH:51
BRDA:47,0,0,1
BRF:1
BRH:1
end_of_record
TN:
SF:controllers\accountControllers.js
FN:4,Object.<anonymous>.exports.createAccount
FN:68,Object.<anonymous>.exports.getAllAccounts
FN:94,Object.<anonymous>.exports.getAccountById
FNF:3
FNH:3
FNDA:2,Object.<anonymous>.exports.createAccount
FNDA:2,Object.<anonymous>.exports.getAllAccounts
FNDA:3,Object.<anonymous>.exports.getAccountById
DA:1,1
DA:2,1
DA:3,1
DA:4,1
DA:5,2
DA:6,2
DA:7,2
DA:8,2
DA:9,2
DA:10,2
DA:11,2
DA:12,2
DA:13,2
DA:14,2
DA:15,2
DA:16,2
DA:17,2
DA:18,2
DA:19,2
DA:20,2
DA:21,2
DA:22,0
DA:23,0
DA:24,2
DA:25,2
DA:26,2
DA:27,2
DA:28,2
DA:29,2
DA:30,2
DA:31,2
DA:32,0
DA:33,0
DA:34,2
DA:35,2
DA:36,2
DA:37,2
DA:38,2
DA:39,2
DA:40,2
DA:41,2
DA:42,0
DA:43,0
DA:44,2
DA:45,2
DA:46,2
DA:47,2
DA:48,2
DA:49,2
DA:50,2
DA:51,2
DA:52,2
DA:53,2
DA:54,2
DA:55,2
DA:56,2
DA:57,2
DA:58,2
DA:59,0
DA:60,0
DA:61,0
DA:62,0
DA:63,0
DA:64,0
DA:65,0
DA:66,2
DA:67,1
DA:68,1
DA:69,2
DA:70,2
DA:71,2
DA:72,2
DA:73,2
DA:74,2
DA:75,2
DA:76,2
DA:77,1
DA:78,1
DA:79,1
DA:80,1
DA:81,1
DA:82,1
DA:83,1
DA:84,1
DA:85,1
DA:86,1
DA:87,1
DA:88,1
DA:89,1
DA:90,1
DA:91,1
DA:92,2
DA:93,1
DA:94,1
DA:95,3
DA:96,3
DA:97,3
DA:98,3
DA:99,3
DA:100,3
DA:101,3
DA:102,1
DA:103,1
DA:104,1
DA:105,1
DA:106,2
DA:107,2
DA:108,2
DA:109,2
DA:110,2
DA:111,2
DA:112,2
DA:113,2
DA:114,2
DA:115,2
DA:116,2
DA:117,2
DA:118,2
DA:119,3
DA:120,1
DA:121,1
DA:122,1
DA:123,1
DA:124,1
DA:125,1
DA:126,1
DA:127,1
DA:128,1
DA:129,1
DA:130,1
DA:131,1
DA:132,1
DA:133,1
DA:134,3
LF:134
LH:121
BRDA:4,0,0,2
BRDA:21,1,0,0
BRDA:31,2,0,0
BRDA:41,3,0,0
BRDA:58,4,0,0
BRDA:68,5,0,2
BRDA:76,6,0,1
BRDA:94,7,0,3
BRDA:101,8,0,1
BRDA:105,9,0,2
BRDA:119,10,0,1
BRF:11
BRH:7
end_of_record
TN:
SF:controllers\authControllers.js
FN:10,Object.<anonymous>.exports.renderRegister
FN:18,Object.<anonymous>.exports.renderLogin
FN:26,Object.<anonymous>.exports.handleRegister
FN:80,Object.<anonymous>.exports.handleLogin
FN:138,Object.<anonymous>.exports.handleAuthenticated
FNF:5
FNH:5
FNDA:1,Object.<anonymous>.exports.renderRegister
FNDA:1,Object.<anonymous>.exports.renderLogin
FNDA:3,Object.<anonymous>.exports.handleRegister
FNDA:4,Object.<anonymous>.exports.handleLogin
FNDA:1,Object.<anonymous>.exports.handleAuthenticated
DA:1,1
DA:2,1
DA:3,1
DA:4,1
DA:5,1
DA:6,1
DA:7,1
DA:8,1
DA:9,1
DA:10,1
DA:11,1
DA:12,1
DA:13,1
DA:14,1
DA:15,1
DA:16,1
DA:17,1
DA:18,1
DA:19,1
DA:20,1
DA:21,1
DA:22,1
DA:23,1
DA:24,1
DA:25,1
DA:26,1
DA:27,3
DA:28,3
DA:29,3
DA:30,3
DA:31,3
DA:32,3
DA:33,3
DA:34,3
DA:35,3
DA:36,3
DA:37,3
DA:38,3
DA:39,3
DA:40,3
DA:41,3
DA:42,3
DA:43,3
DA:44,1
DA:45,1
DA:46,2
DA:47,2
DA:48,2
DA:49,2
DA:50,2
DA:51,3
DA:52,1
DA:53,1
DA:54,1
DA:55,1
DA:56,1
DA:57,1
DA:58,1
DA:59,1
DA:60,1
DA:61,1
DA:62,1
DA:63,1
DA:64,1
DA:65,1
DA:66,1
DA:67,1
DA:68,1
DA:69,1
DA:70,3
DA:71,2
DA:72,2
DA:73,2
DA:74,2
DA:75,2
DA:76,2
DA:77,2
DA:78,3
DA:79,1
DA:80,1
DA:81,4
DA:82,4
DA:83,4
DA:84,4
DA:85,4
DA:86,4
DA:87,4
DA:88,4
DA:89,4
DA:90,4
DA:91,4
DA:92,4
DA:93,4
DA:94,4
DA:95,4
DA:96,4
DA:97,4
DA:98,4
DA:99,4
DA:100,4
DA:101,1
DA:102,4
DA:103,3
DA:104,3
DA:105,3
DA:106,3
DA:107,1
DA:108,3
DA:109,2
DA:110,2
DA:111,2
DA:112,2
DA:113,2
DA:114,2
DA:115,2
DA:116,2
DA:117,2
DA:118,2
DA:119,2
DA:120,2
DA:121,2
DA:122,2
DA:123,2
DA:124,2
DA:125,3
DA:126,4
DA:127,4
DA:128,2
DA:129,2
DA:130,2
DA:131,2
DA:132,2
DA:133,2
DA:134,2
DA:135,4
DA:136,4
DA:137,1
DA:138,1
DA:139,1
DA:140,1
DA:141,1
DA:142,1
DA:143,1
DA:144,1
DA:145,1
DA:146,1
DA:147,1
DA:148,1
DA:149,1
LF:149
LH:149
BRDA:10,0,0,1
BRDA:18,1,0,1
BRDA:26,2,0,3
BRDA:43,3,0,2
BRDA:43,4,0,2
BRDA:43,5,0,1
BRDA:45,6,0,2
BRDA:51,7,0,1
BRDA:70,8,0,2
BRDA:80,9,0,4
BRDA:100,10,0,1
BRDA:102,11,0,3
BRDA:106,12,0,1
BRDA:108,13,0,2
BRDA:127,14,0,2
BRDA:138,15,0,1
BRF:16
BRH:16
end_of_record
TN:
SF:controllers\transactionControllers.js
FN:4,Object.<anonymous>.exports.deposit
FN:65,Object.<anonymous>.exports.withdraw
FN:129,Object.<anonymous>.exports.transfer
FN:205,Object.<anonymous>.exports.getAllTransactions
FN:232,Object.<anonymous>.exports.getTransactionById
FNF:5
FNH:5
FNDA:3,Object.<anonymous>.exports.deposit
FNDA:4,Object.<anonymous>.exports.withdraw
FNDA:4,Object.<anonymous>.exports.transfer
FNDA:2,Object.<anonymous>.exports.getAllTransactions
FNDA:2,Object.<anonymous>.exports.getTransactionById
DA:1,1
DA:2,1
DA:3,1
DA:4,1
DA:5,3
DA:6,3
DA:7,3
DA:8,3
DA:9,3
DA:10,3
DA:11,3
DA:12,3
DA:13,3
DA:14,3
DA:15,3
DA:16,3
DA:17,3
DA:18,3
DA:19,3
DA:20,3
DA:21,3
DA:22,3
DA:23,1
DA:24,1
DA:25,2
DA:26,2
DA:27,2
DA:28,2
DA:29,2
DA:30,3
DA:31,1
DA:32,1
DA:33,1
DA:34,1
DA:35,1
DA:36,1
DA:37,1
DA:38,1
DA:39,1
DA:40,1
DA:41,1
DA:42,1
DA:43,1
DA:44,1
DA:45,1
DA:46,1
DA:47,1
DA:48,1
DA:49,1
DA:50,1
DA:51,1
DA:52,1
DA:53,1
DA:54,1
DA:55,3
DA:56,2
DA:57,2
DA:58,2
DA:59,2
DA:60,2
DA:61,2
DA:62,2
DA:63,3
DA:64,1
DA:65,1
DA:66,4
DA:67,4
DA:68,4
DA:69,4
DA:70,4
DA:71,4
DA:72,4
DA:73,4
DA:74,4
DA:75,4
DA:76,4
DA:77,4
DA:78,4
DA:79,4
DA:80,4
DA:81,4
DA:82,4
DA:83,4
DA:84,1
DA:85,1
DA:86,3
DA:87,3
DA:88,3
DA:89,3
DA:90,4
DA:91,1
DA:92,1
DA:93,2
DA:94,4
DA:95,1
DA:96,1
DA:97,1
DA:98,1
DA:99,1
DA:100,1
DA:101,1
DA:102,1
DA:103,1
DA:104,1
DA:105,1
DA:106,1
DA:107,1
DA:108,1
DA:109,1
DA:110,1
DA:111,1
DA:112,1
DA:113,1
DA:114,1
DA:115,1
DA:116,1
DA:117,1
DA:118,1
DA:119,4
DA:120,3
DA:121,3
DA:122,3
DA:123,3
DA:124,3
DA:125,3
DA:126,3
DA:127,4
DA:128,1
DA:129,1
DA:130,4
DA:131,4
DA:132,4
DA:133,4
DA:134,4
DA:135,4
DA:136,4
DA:137,4
DA:138,4
DA:139,4
DA:140,4
DA:141,4
DA:142,4
DA:143,4
DA:144,4
DA:145,4
DA:146,4
DA:147,4
DA:148,1
DA:149,1
DA:150,3
DA:151,3
DA:152,3
DA:153,3
DA:154,3
DA:155,3
DA:156,3
DA:157,3
DA:158,3
DA:159,4
DA:160,1
DA:161,1
DA:162,2
DA:163,4
DA:164,1
DA:165,1
DA:166,1
DA:167,1
DA:168,1
DA:169,1
DA:170,1
DA:171,1
DA:172,1
DA:173,1
DA:174,1
DA:175,1
DA:176,1
DA:177,1
DA:178,1
DA:179,1
DA:180,1
DA:181,1
DA:182,1
DA:183,1
DA:184,1
DA:185,1
DA:186,1
DA:187,1
DA:188,1
DA:189,1
DA:190,1
DA:191,1
DA:192,1
DA:193,1
DA:194,1
DA:195,4
DA:196,3
DA:197,3
DA:198,3
DA:199,3
DA:200,3
DA:201,3
DA:202,3
DA:203,4
DA:204,1
DA:205,1
DA:206,2
DA:207,2
DA:208,2
DA:209,2
DA:210,2
DA:211,2
DA:212,2
DA:213,2
DA:214,1
DA:215,1
DA:216,1
DA:217,1
DA:218,1
DA:219,1
DA:220,1
DA:221,1
DA:222,1
DA:223,1
DA:224,1
DA:225,1
DA:226,1
DA:227,1
DA:228,1
DA:229,2
DA:230,1
DA:231,1
DA:232,1
DA:233,2
DA:234,2
DA:235,2
DA:236,2
DA:237,2
DA:238,2
DA:239,2
DA:240,2
DA:241,2
DA:242,2
DA:243,2
DA:244,2
DA:245,2
DA:246,2
DA:247,2
DA:248,2
DA:249,1
DA:250,1
DA:251,1
DA:252,1
DA:253,1
DA:254,1
DA:255,1
DA:256,1
DA:257,1
DA:258,1
DA:259,1
DA:260,1
DA:261,1
DA:262,1
DA:263,1
DA:264,1
DA:265,2
LF:265
LH:265
BRDA:4,0,0,3
BRDA:22,1,0,1
BRDA:24,2,0,2
BRDA:30,3,0,1
BRDA:55,4,0,2
BRDA:65,5,0,4
BRDA:83,6,0,3
BRDA:83,7,0,3
BRDA:83,8,0,3
BRDA:83,9,0,3
BRDA:83,10,0,1
BRDA:85,11,0,3
BRDA:90,12,0,1
BRDA:92,13,0,2
BRDA:94,14,0,1
BRDA:119,15,0,3
BRDA:129,16,0,4
BRDA:147,17,0,3
BRDA:147,18,0,3
BRDA:147,19,0,3
BRDA:147,20,0,3
BRDA:147,21,0,3
BRDA:147,22,0,3
BRDA:147,23,0,3
BRDA:147,24,0,1
BRDA:149,25,0,3
BRDA:159,26,0,1
BRDA:161,27,0,2
BRDA:163,28,0,1
BRDA:195,29,0,3
BRDA:205,30,0,2
BRDA:213,31,0,1
BRDA:232,32,0,2
BRDA:248,33,0,1
BRF:34
BRH:34
end_of_record
TN:
SF:controllers\userControllers.js
FN:6,Object.<anonymous>.exports.createUser
FN:65,Object.<anonymous>.exports.getAllUsers
FN:92,Object.<anonymous>.exports.getUserById
FN:128,Object.<anonymous>.exports.updateUser
FN:186,Object.<anonymous>.exports.updateUserProfile
FN:244,Object.<anonymous>.exports.deleteUser
FN:283,Object.<anonymous>.exports.deleteUserProfile
FNF:7
FNH:7
FNDA:1,Object.<anonymous>.exports.createUser
FNDA:2,Object.<anonymous>.exports.getAllUsers
FNDA:3,Object.<anonymous>.exports.getUserById
FNDA:4,Object.<anonymous>.exports.updateUser
FNDA:4,Object.<anonymous>.exports.updateUserProfile
FNDA:3,Object.<anonymous>.exports.deleteUser
FNDA:4,Object.<anonymous>.exports.deleteUserProfile
DA:1,1
DA:2,1
DA:3,1
DA:4,1
DA:5,1
DA:6,1
DA:7,1
DA:8,1
DA:9,1
DA:10,1
DA:11,1
DA:12,1
DA:13,1
DA:14,1
DA:15,1
DA:16,1
DA:17,1
DA:18,1
DA:19,1
DA:20,1
DA:21,1
DA:22,1
DA:23,1
DA:24,0
DA:25,0
DA:26,1
DA:27,1
DA:28,1
DA:29,1
DA:30,1
DA:31,1
DA:32,0
DA:33,0
DA:34,1
DA:35,1
DA:36,1
DA:37,1
DA:38,1
DA:39,1
DA:40,1
DA:41,1
DA:42,1
DA:43,1
DA:44,1
DA:45,1
DA:46,1
DA:47,1
DA:48,1
DA:49,1
DA:50,1
DA:51,1
DA:52,1
DA:53,1
DA:54,1
DA:55,1
DA:56,0
DA:57,0
DA:58,0
DA:59,0
DA:60,0
DA:61,0
DA:62,0
DA:63,1
DA:64,1
DA:65,1
DA:66,2
DA:67,2
DA:68,2
DA:69,2
DA:70,2
DA:71,2
DA:72,2
DA:73,2
DA:74,1
DA:75,1
DA:76,1
DA:77,1
DA:78,1
DA:79,1
DA:80,1
DA:81,1
DA:82,1
DA:83,1
DA:84,1
DA:85,1
DA:86,1
DA:87,1
DA:88,1
DA:89,1
DA:90,2
DA:91,1
DA:92,1
DA:93,3
DA:94,3
DA:95,3
DA:96,3
DA:97,3
DA:98,3
DA:99,3
DA:100,3
DA:101,1
DA:102,1
DA:103,2
DA:104,2
DA:105,2
DA:106,2
DA:107,2
DA:108,2
DA:109,3
DA:110,1
DA:111,1
DA:112,1
DA:113,1
DA:114,1
DA:115,1
DA:116,1
DA:117,1
DA:118,3
DA:119,2
DA:120,2
DA:121,2
DA:122,2
DA:123,2
DA:124,2
DA:125,2
DA:126,3
DA:127,1
DA:128,1
DA:129,4
DA:130,4
DA:131,4
DA:132,4
DA:133,4
DA:134,4
DA:135,4
DA:136,4
DA:137,4
DA:138,4
DA:139,4
DA:140,4
DA:141,4
DA:142,4
DA:143,4
DA:144,4
DA:145,4
DA:146,4
DA:147,4
DA:148,1
DA:149,1
DA:150,3
DA:151,3
DA:152,3
DA:153,3
DA:154,3
DA:155,4
DA:156,1
DA:157,1
DA:158,2
DA:159,2
DA:160,2
DA:161,2
DA:162,2
DA:163,4
DA:164,1
DA:165,1
DA:166,1
DA:167,1
DA:168,1
DA:169,1
DA:170,1
DA:171,1
DA:172,1
DA:173,1
DA:174,1
DA:175,1
DA:176,4
DA:177,3
DA:178,3
DA:179,3
DA:180,3
DA:181,3
DA:182,3
DA:183,3
DA:184,4
DA:185,1
DA:186,1
DA:187,4
DA:188,4
DA:189,4
DA:190,4
DA:191,4
DA:192,4
DA:193,4
DA:194,4
DA:195,4
DA:196,4
DA:197,4
DA:198,4
DA:199,4
DA:200,4
DA:201,4
DA:202,4
DA:203,4
DA:204,4
DA:205,4
DA:206,1
DA:207,1
DA:208,3
DA:209,3
DA:210,3
DA:211,3
DA:212,3
DA:213,4
DA:214,1
DA:215,1
DA:216,2
DA:217,2
DA:218,2
DA:219,2
DA:220,2
DA:221,4
DA:222,1
DA:223,1
DA:224,1
DA:225,1
DA:226,1
DA:227,1
DA:228,1
DA:229,1
DA:230,1
DA:231,1
DA:232,1
DA:233,1
DA:234,4
DA:235,3
DA:236,3
DA:237,3
DA:238,3
DA:239,3
DA:240,3
DA:241,3
DA:242,4
DA:243,1
DA:244,1
DA:245,3
DA:246,3
DA:247,3
DA:248,3
DA:249,3
DA:250,3
DA:251,3
DA:252,3
DA:253,3
DA:254,1
DA:255,1
DA:256,2
DA:257,2
DA:258,2
DA:259,2
DA:260,2
DA:261,3
DA:262,1
DA:263,1
DA:264,1
DA:265,1
DA:266,1
DA:267,1
DA:268,1
DA:269,1
DA:270,1
DA:271,1
DA:272,1
DA:273,3
DA:274,2
DA:275,2
DA:276,2
DA:277,2
DA:278,2
DA:279,2
DA:280,2
DA:281,3
DA:282,1
DA:283,1
DA:284,4
DA:285,4
DA:286,4
DA:287,4
DA:288,4
DA:289,4
DA:290,4
DA:291,4
DA:292,1
DA:293,1
DA:294,3
DA:295,3
DA:296,3
DA:297,3
DA:298,3
DA:299,4
DA:300,1
DA:301,1
DA:302,2
DA:303,2
DA:304,2
DA:305,2
DA:306,2
DA:307,4
DA:308,1
DA:309,1
DA:310,1
DA:311,1
DA:312,1
DA:313,1
DA:314,1
DA:315,1
DA:316,1
DA:317,1
DA:318,1
DA:319,4
DA:320,3
DA:321,3
DA:322,3
DA:323,3
DA:324,3
DA:325,3
DA:326,3
DA:327,4
LF:327
LH:316
BRDA:6,0,0,1
BRDA:23,1,0,0
BRDA:31,2,0,0
BRDA:55,3,0,0
BRDA:65,4,0,2
BRDA:73,5,0,1
BRDA:92,6,0,3
BRDA:100,7,0,1
BRDA:102,8,0,2
BRDA:109,9,0,1
BRDA:118,10,0,2
BRDA:128,11,0,4
BRDA:147,12,0,1
BRDA:149,13,0,3
BRDA:155,14,0,1
BRDA:157,15,0,2
BRDA:163,16,0,1
BRDA:163,17,0,1
BRDA:176,18,0,3
BRDA:186,19,0,4
BRDA:205,20,0,1
BRDA:207,21,0,3
BRDA:213,22,0,1
BRDA:215,23,0,2
BRDA:221,24,0,1
BRDA:234,25,0,3
BRDA:244,26,0,3
BRDA:253,27,0,1
BRDA:255,28,0,2
BRDA:261,29,0,1
BRDA:273,30,0,2
BRDA:283,31,0,4
BRDA:291,32,0,1
BRDA:293,33,0,3
BRDA:299,34,0,1
BRDA:301,35,0,2
BRDA:307,36,0,1
BRDA:319,37,0,3
BRF:38
BRH:35
end_of_record
TN:
SF:middleware\restrictJwt.js
FN:5,Object.<anonymous>.module.exports
FNF:1
FNH:1
FNDA:3,Object.<anonymous>.module.exports
DA:1,1
DA:2,1
DA:3,1
DA:4,1
DA:5,1
DA:6,3
DA:7,3
DA:8,3
DA:9,3
DA:10,1
DA:11,1
DA:12,1
DA:13,1
DA:14,3
DA:15,2
DA:16,2
DA:17,2
DA:18,1
DA:19,1
DA:20,1
DA:21,1
DA:22,1
DA:23,1
DA:24,1
DA:25,1
DA:26,1
DA:27,2
DA:28,2
DA:29,3
LF:29
LH:29
BRDA:5,0,0,3
BRDA:9,1,0,1
BRDA:14,2,0,2
BRDA:16,3,0,2
BRDA:17,4,0,1
BRF:5
BRH:5
end_of_record
TN:
SF:routes\accountRoutes.js
FNF:0
FNH:0
DA:1,1
DA:2,1
DA:3,1
DA:4,1
DA:5,1
DA:6,1
DA:7,1
DA:8,1
DA:9,1
LF:9
LH:9
BRF:0
BRH:0
end_of_record
TN:
SF:routes\authRoutes.js
FNF:0
FNH:0
DA:1,1
DA:2,1
DA:3,1
DA:4,1
DA:5,1
DA:6,1
DA:7,1
DA:8,1
DA:9,1
DA:10,1
DA:11,1
DA:12,1
DA:13,1
DA:14,1
DA:15,1
DA:16,1
DA:17,1
DA:18,1
DA:19,1
DA:20,1
DA:21,1
DA:22,1
DA:23,1
DA:24,1
LF:24
LH:24
BRF:0
BRH:0
end_of_record
TN:
SF:routes\transactionRoutes.js
FNF:0
FNH:0
DA:1,1
DA:2,1
DA:3,1
DA:4,1
DA:5,1
DA:6,1
DA:7,1
DA:8,1
DA:9,1
DA:10,1
DA:11,1
LF:11
LH:11
BRF:0
BRH:0
end_of_record
TN:
SF:routes\userRoutes.js
FNF:0
FNH:0
DA:1,1
DA:2,1
DA:3,1
DA:4,1
DA:5,1
DA:6,1
DA:7,1
DA:8,1
DA:9,1
DA:10,1
DA:11,1
DA:12,1
DA:13,1
LF:13
LH:13
BRF:0
BRH:0
end_of_record
